<?xml version="1.0" encoding="utf-8"?><testsuites><testsuite name="pytest" errors="0" failures="0" skipped="0" tests="25" time="0.256" timestamp="2024-02-13T18:49:19.303376" hostname="siege"><testcase classname="tests.indexes.multi.test_sorting" name="test_sortlevel" time="0.002" /><testcase classname="tests.indexes.multi.test_sorting" name="test_sortlevel_not_sort_remaining" time="0.001" /><testcase classname="tests.indexes.multi.test_sorting" name="test_sortlevel_deterministic" time="0.002" /><testcase classname="tests.indexes.multi.test_sorting" name="test_sortlevel_na_position" time="0.001" /><testcase classname="tests.indexes.multi.test_sorting" name="test_numpy_argsort" time="0.001" /><testcase classname="tests.indexes.multi.test_sorting" name="test_unsortedindex" time="0.002" /><testcase classname="tests.indexes.multi.test_sorting" name="test_unsortedindex_doc_examples" time="0.156" /><testcase classname="tests.indexes.multi.test_sorting" name="test_reconstruct_sort" time="0.002" /><testcase classname="tests.indexes.multi.test_sorting" name="test_reconstruct_remove_unused" time="0.002" /><testcase classname="tests.indexes.multi.test_sorting" name="test_remove_unused_levels_large[int64-int64]" time="0.015" /><testcase classname="tests.indexes.multi.test_sorting" name="test_remove_unused_levels_large[datetime64[D]-str]" time="0.031" /><testcase classname="tests.indexes.multi.test_sorting" name="test_remove_unused_nan[level10-level00]" time="0.001" /><testcase classname="tests.indexes.multi.test_sorting" name="test_remove_unused_nan[level10-level01]" time="0.001" /><testcase classname="tests.indexes.multi.test_sorting" name="test_remove_unused_nan[level11-level00]" time="0.001" /><testcase classname="tests.indexes.multi.test_sorting" name="test_remove_unused_nan[level11-level01]" time="0.001" /><testcase classname="tests.indexes.multi.test_sorting" name="test_argsort" time="0.001" /><testcase classname="tests.indexes.multi.test_sorting" name="test_remove_unused_levels_with_nan" time="0.001" /><testcase classname="tests.indexes.multi.test_sorting" name="test_sort_values_nan" time="0.001" /><testcase classname="tests.indexes.multi.test_sorting" name="test_sort_values_incomparable" time="0.001" /><testcase classname="tests.indexes.multi.test_sorting" name="test_sort_values_with_na_na_position[float64-first]" time="0.001" /><testcase classname="tests.indexes.multi.test_sorting" name="test_sort_values_with_na_na_position[float64-last]" time="0.001" /><testcase classname="tests.indexes.multi.test_sorting" name="test_sort_values_with_na_na_position[Int64-first]" time="0.002" /><testcase classname="tests.indexes.multi.test_sorting" name="test_sort_values_with_na_na_position[Int64-last]" time="0.002" /><testcase classname="tests.indexes.multi.test_sorting" name="test_sort_values_with_na_na_position[Float64-first]" time="0.002" /><testcase classname="tests.indexes.multi.test_sorting" name="test_sort_values_with_na_na_position[Float64-last]" time="0.002" /></testsuite></testsuites>